
SQL*Loader: Release 11.2.0.2.0 - Production on Mon Mar 6 15:31:50 2017

Copyright (c) 1982, 2009, Oracle and/or its affiliates.  All rights reserved.

Control File:   dependents.ctl
Data File:      dependents.dat
  Bad File:     dependents.bad
  Discard File:  none specified
 
 (Allow all discards)

Number to load: ALL
Number to skip: 0
Errors allowed: 50
Bind array:     64 rows, maximum of 256000 bytes
Continuation:    none specified
Path used:      Conventional

Table DEPENDENTS, loaded from every logical record.
Insert option in effect for this table: REPLACE

   Column Name                  Position   Len  Term Encl Datatype
------------------------------ ---------- ----- ---- ---- ---------------------
DEP_ID                              FIRST     *   ,  O(") CHARACTER            
FIRST_NAME                           NEXT     *   ,  O(") CHARACTER            
LAST_NAME                            NEXT     *   ,  O(") CHARACTER            
BIRTHDATE                            NEXT     *   ,  O(") CHARACTER            
RELATION                             NEXT     *   ,  O(") CHARACTER            
RELATIVE_ID                          NEXT     *   ,  O(") CHARACTER            
BENEFITS                             NEXT     *   ,  O(") CHARACTER            

Record 1: Rejected - Error on table DEPENDENTS, column RELATIVE_ID.
ORA-01722: invalid number


Table DEPENDENTS:
  4 Rows successfully loaded.
  1 Row not loaded due to data errors.
  0 Rows not loaded because all WHEN clauses were failed.
  0 Rows not loaded because all fields were null.


Space allocated for bind array:                 115584 bytes(64 rows)
Read   buffer bytes: 1048576

Total logical records skipped:          0
Total logical records read:             5
Total logical records rejected:         1
Total logical records discarded:        0

Run began on Mon Mar 06 15:31:50 2017
Run ended on Mon Mar 06 15:32:05 2017

Elapsed time was:     00:00:15.14
CPU time was:         00:00:00.06
